<?xml version="1.0" encoding="UTF-8"?>
<!-- Generated by org.testng.reporters.JUnitReportReporter -->
<testsuite skipped="0" hostname="DESKTOP-HLF6SLV" name="topLineAuto.project.FaceBookTest" tests="4" failures="0" timestamp="2020-06-11T21:19:06 EDT" time="60.901" errors="0">
  <testcase name="typeDummyEmail" time="11.462" classname="topLineAuto.project.FaceBookTest"/>
  <system-out/>
  <testcase name="checkLogo" time="10.048" classname="topLineAuto.project.FaceBookTest"/>
  <system-out/>
  <testcase name="typeDummyEmail" time="39.302" classname="topLineAuto.project.FaceBookTest"/>
  <system-out/>
  <testcase name="getUrl" time="0.089" classname="topLineAuto.project.FaceBookTest"/>
  <system-out/>
</testsuite> <!-- topLineAuto.project.FaceBookTest -->
