<?xml version="1.0" encoding="UTF-8"?>
<!-- Generated by org.testng.reporters.JUnitReportReporter -->
<testsuite skipped="1" hostname="DESKTOP-HLF6SLV" name="topLineAuto.project.TopLineAutoTest" tests="6" failures="0" timestamp="2020-06-07T23:13:15 EDT" time="33.993" errors="0">
  <testcase name="carfax" time="10.839" classname="topLineAuto.project.TopLineAutoTest"/>
  <system-out/>
  <testcase name="search" time="6.463" classname="topLineAuto.project.TopLineAutoTest"/>
  <system-out/>
  <testcase name="inputEstPrice" time="3.524" classname="topLineAuto.project.TopLineAutoTest"/>
  <system-out/>
  <testcase name="clickInventory" time="12.626" classname="topLineAuto.project.TopLineAutoTest"/>
  <system-out/>
  <testcase name="getUrl" time="0.541" classname="topLineAuto.project.TopLineAutoTest"/>
  <system-out/>
  <testcase name="enable" classname="topLineAuto.project.TopLineAutoTest">
    <skipped/>
  </testcase> <!-- enable -->
  <system-out/>
</testsuite> <!-- topLineAuto.project.TopLineAutoTest -->
