<?xml version="1.0" encoding="UTF-8"?>
<!-- Generated by org.testng.reporters.JUnitReportReporter -->
<testsuite skipped="0" hostname="DESKTOP-HLF6SLV" name="topLineAuto.project.AppTest" tests="1" failures="0" timestamp="2020-06-07T02:19:25 EDT" time="0.016" errors="0">
  <testcase name="shouldAnswerWithTrue" time="0.016" classname="topLineAuto.project.AppTest"/>
  <system-out/>
</testsuite> <!-- topLineAuto.project.AppTest -->
